TITLE : Cables to test STAP90
        (16:15:35 on April 19, 2019, Friday)

C O N T R O L   I N F O R M A T I O N

      NUMBER OF NODAL POINTS . . . . . . . . . . (NUMNP)  =    12
      NUMBER OF ELEMENT GROUPS . . . . . . . . . (NUMEG)  =     1
      NUMBER OF LOAD CASES . . . . . . . . . . . (NLCASE) =     1
      SOLUTION MODE  . . . . . . . . . . . . . . (MODEX)  =     1
         EQ.0, DATA CHECK
         EQ.1, EXECUTION

 N O D A L   P O I N T   D A T A

    NODE       BOUNDARY                         NODAL POINT
   NUMBER  CONDITION  CODES                     COORDINATES
        1    1    1    1       0.00000e+00    0.00000e+00    0.00000e+00
        2    1    1    1       1.50000e+01    0.00000e+00    0.00000e+00
        3    0    0    1       3.00000e+00    0.00000e+00    0.00000e+00
        4    0    0    1       6.00000e+00    0.00000e+00    0.00000e+00
        5    0    0    1       9.00000e+00    0.00000e+00    0.00000e+00
        6    0    0    1       1.20000e+01    0.00000e+00    0.00000e+00
        7    0    0    1       0.00000e+00    4.00000e+00    0.00000e+00
        8    0    0    1       3.00000e+00    4.00000e+00    0.00000e+00
        9    0    0    1       6.00000e+00    4.00000e+00    0.00000e+00
       10    0    0    1       9.00000e+00    4.00000e+00    0.00000e+00
       11    0    0    1       1.20000e+01    4.00000e+00    0.00000e+00
       12    0    0    1       1.50000e+01    4.00000e+00    0.00000e+00

 EQUATION NUMBERS

   NODE NUMBER   DEGREES OF FREEDOM
        N           X    Y    Z
        1           0    0    0
        2           0    0    0
        3           1    2    0
        4           3    4    0
        5           5    6    0
        6           7    8    0
        7           9   10    0
        8          11   12    0
        9          13   14    0
       10          15   16    0
       11          17   18    0
       12          19   20    0

 L O A D   C A S E   D A T A

     LOAD CASE NUMBER . . . . . . . =     1
     NUMBER OF CONCENTRATED LOADS . =     1

    NODE       DIRECTION      LOAD
   NUMBER                   MAGNITUDE
      4            2       -7.00000e+03

 E L E M E N T   G R O U P   D A T A


 E L E M E N T   D E F I N I T I O N

 ELEMENT TYPE  . . . . . . . . . . . . .( NPAR(1) ) . . =    1
     EQ.1, TRUSS ELEMENTS
     EQ.2, ELEMENTS CURRENTLY
     EQ.3, NOT AVAILABLE

 NUMBER OF ELEMENTS. . . . . . . . . . .( NPAR(2) ) . . =   22

 M A T E R I A L   D E F I N I T I O N

 NUMBER OF DIFFERENT SETS OF MATERIAL
 AND CROSS-SECTIONAL  CONSTANTS  . . . .( NPAR(3) ) . . =    1

  SET       YOUNG'S     CROSS-SECTIONAL
 NUMBER     MODULUS          AREA
               E              A
    1     1.50000e+11     1.00000e-02


 E L E M E N T   I N F O R M A T I O N
 ELEMENT     NODE     NODE       MATERIAL
 NUMBER-N      I        J       SET NUMBER
