***********************************************************
xxxxxx  xxxxxx  xxx       xx      xxxxx  xxxxxx   xxxxxx
xx      xx      xxxx     xxx    xxx      xx   xx  xx   xx
xx      xx      xxxx     x x    xx       xx    xx xx    xx
xx      xx      xx x    xx x   xx        xx    xx xx    xx
xx      xx      xx xx   xx x   xx        xx    xx xx    xx
xxxxxx  xxxxxx  xx xx   x  x   xx        xx   xx  xx   xx
xx      xx      xx  xx xx  x   xx        xxxxxx   xxxxxx
xx      xx      xx  xx x   x   xx        xx       xx
xx      xx      xx   xxx   x   xx        xx       xx
xx      xx      xx   xxx   x    xxx   x  xx       xx
xx      xxxxxxx xx    x    x      xxxxx  xx       xx
***********************************************************
- - - - - - - - - - - - - - - - - - - - - - - - - - - - - -
TITLE : An_Example_Of_Bar_Element
2017年6月12日 8:49:42  星期一
*********************  N O D E **************************
No. ......... X ........... Y ........... Z ...........
           1  0.000000e+00  0.000000e+00  0.000000e+00
           2  1.000000e+00  0.000000e+00  0.000000e+00
           3  2.000000e+00  0.000000e+00  0.000000e+00
           4  3.000000e+00  0.000000e+00  0.000000e+00
           5  4.000000e+00  0.000000e+00  0.000000e+00
           6  5.000000e+00  0.000000e+00  0.000000e+00
****************** L O A D C A S E 1 ********************
No. ...... NodeNumber .. DIR ....... ....Force ..........
         1             6           1     1.000000e+00
************* D I S P L A C E l M E N T *****************
No. ......... X ........... Y ........... Z ...........
           1  0.000000e+00  0.000000e+00  0.000000e+00
           2  1.000000e+00  0.000000e+00  0.000000e+00
           3  2.000000e+00  0.000000e+00  0.000000e+00
           4  3.000000e+00  0.000000e+00  0.000000e+00
           5  4.000000e+00  0.000000e+00  0.000000e+00
           6  5.000000e+00  0.000000e+00  0.000000e+00
